Build started 11/11/2022 9:50:27 PM.
     1>Project "C:\Users\razor101\Desktop\Group9_SearchContactList\Group9_SearchContactList\Group9_SearchContactList\Group9_SearchContactList.vcxproj" on node 2 (build target(s)).
     1>InitializeBuildStatus:
         Creating "Debug\Group9_SearchContactList.unsuccessfulbuild" because "AlwaysCreate" was specified.
       GenerateTargetFrameworkMonikerAttribute:
       Skipping target "GenerateTargetFrameworkMonikerAttribute" because all output files are up-to-date with respect to the input files.
       ClCompile:
         All outputs are up-to-date.
         All outputs are up-to-date.
         All outputs are up-to-date.
       CoreResGen:
         No resources are out of date with respect to their source files. Skipping resource generation.
       ResourceCompile:
         All outputs are up-to-date.
       Link:
         All outputs are up-to-date.
         Group9_SearchContactList.vcxproj -> C:\Users\razor101\Desktop\Group9_SearchContactList\Group9_SearchContactList\Debug\Group9_SearchContactList.exe
       MetaGen:
       Skipping target "MetaGen" because all output files are up-to-date with respect to the input files.
       FinalizeBuildStatus:
         Deleting file "Debug\Group9_SearchContactList.unsuccessfulbuild".
         Touching "Debug\Group9_SearchContactList.lastbuildstate".
     1>Done Building Project "C:\Users\razor101\Desktop\Group9_SearchContactList\Group9_SearchContactList\Group9_SearchContactList\Group9_SearchContactList.vcxproj" (build target(s)).

Build succeeded.

Time Elapsed 00:00:00.33
